[START] 2026-03-17T21:17:36.681Z
[CWD] /home/uvan/banner-docente-runner
[EXECUTABLE] node
[CMD] node --import tsx "src/cli.ts" "batch" "--input" "/mnt/c/Users/Duvan/Documents/storage/outputs/banner-batches/2026-03-17T21-17-36-651Z_all/nrc_banner_batch.csv" "--query-name" "ui-autoimport-smoke-restart-20260317" "--workers" "1"

[2026-03-17T21:17:38.153Z] INFO Iniciando lote Banner {
  queryId: 'cmmv45prk0000t2dj210j3kre',
  totalRequested: 1,
  pending: 1,
  workers: 1
}
[2026-03-17T21:17:50.285Z] INFO Sesion restaurada desde storageState
[2026-03-17T21:17:54.548Z] INFO Sesion backend Banner reutilizada desde trafico de la pagina { taskId: 'f374fdb4-5715-4311-b84d-9bdf32fcfc42' }
[2026-03-17T21:17:54.549Z] INFO Preparando NRC en Banner {
  queryId: 'cmmv45prk0000t2dj210j3kre',
  worker: 1,
  nrc: '75608',
  period: '202610'
}
[2026-03-17T21:17:54.550Z] INFO Ejecutando lookup NRC {
  queryId: 'cmmv45prk0000t2dj210j3kre',
  worker: 1,
  nrc: '75608',
  period: '202610'
}
[2026-03-17T21:17:54.994Z] INFO Lookup NRC finalizado {
  queryId: 'cmmv45prk0000t2dj210j3kre',
  worker: 1,
  nrc: '75608',
  period: '202610',
  status: 'ENCONTRADO'
}
{
  "queryId": "cmmv45prk0000t2dj210j3kre",
  "queryName": "ui-autoimport-smoke-restart-20260317",
  "processed": 1,
  "total": 1,
  "counts": {
    "ENCONTRADO": 1,
    "SIN_DOCENTE": 0,
    "NO_ENCONTRADO": 0,
    "ERROR": 0
  }
}

[AUTO_EXPORT] cmmv45prk0000t2dj210j3kre
[2026-03-17T21:17:56.606Z] INFO Exportacion completada { queryId: 'cmmv45prk0000t2dj210j3kre', formats: [ 'csv', 'json' ] }
{
  "csvPath": "storage/exports/ui-autoimport-smoke-restart-20260317-2026-03-17T21-17-56.566Z.csv",
  "jsonPath": "storage/exports/ui-autoimport-smoke-restart-20260317-2026-03-17T21-17-56.566Z.json"
}

[AUTO_IMPORT]
[AUTO_IMPORT_ERROR] Command failed: pnpm -C /mnt/c/Users/Duvan/Documents/seguimiento-aulas-system/apps/api exec tsx scripts/import-banner-review.ts /home/uvan/banner-docente-runner/storage/exports/ui-autoimport-smoke-restart-20260317-2026-03-17T21-17-56.566Z.csv
/mnt/c/Users/Duvan/Documents/seguimiento-aulas-system/node_modules/.pnpm/@prisma+client@5.22.0_prisma@5.22.0/node_modules/@prisma/client/runtime/library.js:121
`)}var co=({clientMethod:e,activeProvider:t})=>r=>{let n="",i;if(pa(r))n=r.sql,i={values:jt(r.values),__prismaRawParameters__:!0};else if(Array.isArray(r)){let[o,...s]=r;n=o,i={values:jt(s||[]),__prismaRawParameters__:!0}}else switch(t){case"sqlite":case"mysql":{n=r.sql,i={values:jt(r.values),__prismaRawParameters__:!0};break}case"cockroachdb":case"postgresql":case"postgres":{n=r.text,i={values:jt(r.values),__prismaRawParameters__:!0};break}case"sqlserver":{n=bl(r),i={values:jt(r.values),__prismaRawParameters__:!0};break}default:throw new Error(`The ${t} provider does not support ${e}`)}return i?.values?Tl(`prisma.${e}(${n}, ${i.values})`):Tl(`prisma.${e}(${n})`),{query:n,parameters:i}},Rl={requestArgsToMiddlewareArgs(e){return[e.strings,...e.values]},middlewareArgsToRequestArgs(e){let[t,...r]=e;return new oe(t,r)}},Cl={requestArgsToMiddlewareArgs(e){return[e]},middlewareArgsToRequestArgs(e){return e[0]}};function po(e){return function(r){let n,i=(o=e)=>{try{return o===void 0||o?.kind==="itx"?n??=Sl(r(o)):Sl(r(o))}catch(s){return Promise.reject(s)}};return{then(o,s){return i().then(o,s)},catch(o){return i().catch(o)},finally(o){return i().finally(o)},requestTransaction(o){let s=i(o);return s.requestTransaction?s.requestTransaction(o):s},[Symbol.toStringTag]:"PrismaPromise"}}}function Sl(e){return typeof e.then=="function"?e:Promise.resolve(e)}var Al={isEnabled(){return!1},getTraceParent(){return"00-10-10-00"},async createEngineSpan(){},getActiveContext(){},runInChildSpan(e,t){return t()}},mo=class{isEnabled(){return this.getGlobalTracingHelper().isEnabled()}getTraceParent(t){return this.getGlobalTracingHelper().getTraceParent(t)}createEngineSpan(t){return this.getGlobalTracingHelper().createEngineSpan(t)}getActiveContext(){return this.getGlobalTracingHelper().getActiveContext()}runInChildSpan(t,r){return this.getGlobalTracingHelper().runInChildSpan(t,r)}getGlobalTracingHelper(){return globalThis.PRISMA_INSTRUMENTATION?.helper??Al}};function Il(e){return e.includes("tracing")?new mo:Al}function Ol(e,t=()=>{}){let r,n=new Promise(i=>r=i);return{then(i){return--e===0&&r(t()),i?.(n)}}}function kl(e){return typeof e=="string"?e:e.reduce((t,r)=>{let n=typeof r=="string"?r:r.level;return n==="query"?t:t&&(r==="info"||t==="info")?"info":n},void 0)}var Ln=class{constructor(){this._middlewares=[]}use(t){this._middlewares.push(t)}get(t){return this._middlewares[t]}has(t){return!!this._middlewares[t]}length(){return this._middlewares.length}};var Fl=k(bi());function Nn(e){return typeof e.batchRequestIdx=="number"}function Dl(e){if(e.action!=="findUnique"&&e.action!=="findUniqueOrThrow")return;let t=[];return e.modelName&&t.push(e.modelName),e.query.arguments&&t.push(fo(e.query.arguments)),t.push(fo(e.query.selection)),t.join("")}function fo(e){return`(${Object.keys(e).sort().map(r=>{let n=e[r];return typeof n=="object"&&n!==null?`(${r} ${fo(n)})`:r}).join(" ")})`}var wm={aggregate:!1,aggregateRaw:!1,createMany:!0,createManyAndReturn:!0,createOne:!0,deleteMany:!0,deleteOne:!0,executeRaw:!0,findFirst:!1,findFirstOrThrow:!1,findMany:!1,findRaw:!1,findUnique:!1,findUniqueOrThrow:!1,groupBy:!1,queryRaw:!1,runCommandRaw:!0,updateMany:!0,updateOne:!0,upsertOne:!0};function go(e){return wm[e]}var Mn=class{constructor(t){this.options=t;this.tickActive=!1;this.batches={}}request(t){let r=this.options.batchBy(t);return r?(this.batches[r]||(this.batches[r]=[],this.tickActive||(this.tickActive=!0,process.nextTick(()=>{this.dispatchBatches(),this.tickActive=!1}))),new Promise((n,i)=>{this.batches[r].push({request:t,resolve:n,reject:i})})):this.options.singleLoader(t)}dispatchBatches(){for(let t in this.batches){let r=this.batches[t];delete this.batches[t],r.length===1?this.options.singleLoader(r[0].request).then(n=>{n instanceof Error?r[0].reject(n):r[0].resolve(n)}).catch(n=>{r[0].reject(n)}):(r.sort((n,i)=>this.options.batchOrder(n.request,i.request)),this.options.batchLoader(r.map(n=>n.request)).then(n=>{if(n instanceof Error)for(let i=0;i<r.length;i++)r[i].reject(n);else for(let i=0;i<r.length;i++){let o=n[i];o instanceof Error?r[i].reject(o):r[i].resolve(o)}}).catch(n=>{for(let i=0;i<r.length;i++)r[i].reject(n)}))}}get[Symbol.toStringTag](){return"DataLoader"}};function pt(e,t){if(t===null)return t;switch(e){case"bigint":return BigInt(t);case"bytes":return Buffer.from(t,"base64");case"decimal":return new xe(t);case"datetime":case"date":return new Date(t);case"time":return new Date(`1970-01-01T${t}Z`);case"bigint-array":return t.map(r=>pt("bigint",r));case"bytes-array":return t.map(r=>pt("bytes",r));case"decimal-array":return t.map(r=>pt("decimal",r));case"datetime-array":return t.map(r=>pt("datetime",r));case"date-array":return t.map(r=>pt("date",r));case"time-array":return t.map(r=>pt("time",r));default:return t}}function _l(e){let t=[],r=xm(e);for(let n=0;n<e.rows.length;n++){let i=e.rows[n],o={...r};for(let s=0;s<i.length;s++)o[e.columns[s]]=pt(e.types[s],i[s]);t.push(o)}return t}function xm(e){let t={};for(let r=0;r<e.columns.length;r++)t[e.columns[r]]=null;return t}var Pm=L("prisma:client:request_handler"),$n=class{constructor(t,r){this.logEmitter=r,this.client=t,this.dataloader=new Mn({batchLoader:Ma(async({requests:n,customDataProxyFetch:i})=>{let{transaction:o,otelParentCtx:s}=n[0],a=n.map(p=>p.protocolQuery),l=this.client._tracingHelper.getTraceParent(s),u=n.some(p=>go(p.protocolQuery.action));return(await this.client._engine.requestBatch(a,{traceparent:l,transaction:vm(o),containsWrite:u,customDataProxyFetch:i})).map((p,d)=>{if(p instanceof Error)return p;try{return this.mapQueryEngineResult(n[d],p)}catch(f){return f}})}),singleLoader:async n=>{let i=n.transaction?.kind==="itx"?Ll(n.transaction):void 0,o=await this.client._engine.request(n.protocolQuery,{traceparent:this.client._tracingHelper.getTraceParent(),interactiveTransaction:i,isWrite:go(n.protocolQuery.action),customDataProxyFetch:n.customDataProxyFetch});return this.mapQueryEngineResult(n,o)},batchBy:n=>n.transaction?.id?`transaction-${n.transaction.id}`:Dl(n.protocolQuery),batchOrder(n,i){return n.transaction?.kind==="batch"&&i.transaction?.kind==="batch"?n.transaction.index-i.transaction.index:0}})}async request(t){try{return await this.dataloader.request(t)}catch(r){let{clientMethod:n,callsite:i,transaction:o,args:s,modelName:a}=t;this.handleAndLogRequestError({error:r,clientMethod:n,callsite:i,transaction:o,args:s,modelName:a,globalOmit:t.globalOmit})}}mapQueryEngineResult({dataPath:t,unpacker:r},n){let i=n?.data,o=n?.elapsed,s=this.unpack(i,t,r);return process.env.PRISMA_CLIENT_GET_TIME?{data:s,elapsed:o}:s}handleAndLogRequestError(t){try{this.handleRequestError(t)}catch(r){throw this.logEmitter&&this.logEmitter.emit("error",{message:r.message,target:t.clientMethod,timestamp:new Date}),r}}handleRequestError({error:t,clientMethod:r,callsite:n,transaction:i,args:o,modelName:s,globalOmit:a}){if(Pm(t),Tm(t,i)||t instanceof Le)throw t;if(t instanceof V&&Rm(t)){let u=Nl(t.meta);wn({args:o,errors:[u],callsite:n,errorFormat:this.client._errorFormat,originalMethod:r,clientVersion:this.client._clientVersion,globalOmit:a})}let l=t.message;if(n&&(l=Tt({callsite:n,originalMethod:r,isPanic:t.isPanic,showColors:this.client._errorFormat==="pretty",message:l})),l=this.sanitizeMessage(l),t.code){let u=s?{modelName:s,...t.meta}:t.meta;throw new V(l,{code:t.code,clientVersion:this.client._clientVersion,meta:u,batchRequestIdx:t.batchRequestIdx})}else{if(t.isPanic)throw new le(l,this.client._clientVersion);if(t instanceof B)throw new B(l,{clientVersion:this.client._clientVersion,batchRequestIdx:t.batchRequestIdx});if(t instanceof R)throw new R(l,this.client._clientVersion);if(t instanceof le)throw new le(l,this.client._clientVersion)}throw t.clientVersion=this.client._clientVersion,t}sanitizeMessage(t){return this.client._errorFormat&&this.client._errorFormat!=="pretty"?(0,Fl.default)(t):t}unpack(t,r,n){if(!t||(t.data&&(t=t.data),!t))return t;let i=Object.keys(t)[0],o=Object.values(t)[0],s=r.filter(u=>u!=="select"&&u!=="include"),a=Gi(o,s),l=i==="queryRaw"?_l(a):wt(a);return n?n(l):l}get[Symbol.toStringTag](){return"RequestHandler"}};function vm(e){if(e){if(e.kind==="batch")return{kind:"batch",options:{isolationLevel:e.isolationLevel}};if(e.kind==="itx")return{kind:"itx",options:Ll(e)};Fe(e,"Unknown transaction kind")}}function Ll(e){return{id:e.id,payload:e.payload}}function Tm(e,t){return Nn(e)&&t?.kind==="batch"&&e.batchRequestIdx!==t.index}function Rm(e){return e.code==="P2009"||e.code==="P2012"}function Nl(e){if(e.kind==="Union")return{kind:"Union",errors:e.errors.map(Nl)};if(Array.isArray(e.selectionPath)){let[,...t]=e.selectionPath;return{...e,selectionPath:t}}return e}var Ml="5.22.0";var $l=Ml;var Ul=k(Ai());var F=class extends Error{constructor(t){super(t+`
                                                                                                                                                                                                                                                                                                                                                                                                                                                                                                                                                                                                                                                                                                                                                                                                                                                                                                                                                                                                                                                            

PrismaClientInitializationError: 
Invalid `prisma.course.findFirst()` invocation in
/mnt/c/Users/Duvan/Documents/seguimiento-aulas-system/apps/api/scripts/import-banner-review.ts:91:42

  88   continue;
  89 }
  90 
→ 91 const course = await prisma.course.findFirst(
Can't reach database server at `127.0.0.1:5433`

Please make sure your database server is running at `127.0.0.1:5433`.
    at $n.handleRequestError (/mnt/c/Users/Duvan/Documents/seguimiento-aulas-system/node_modules/.pnpm/@prisma+client@5.22.0_prisma@5.22.0/node_modules/@prisma/client/runtime/library.js:121:7615)
    at $n.handleAndLogRequestError (/mnt/c/Users/Duvan/Documents/seguimiento-aulas-system/node_modules/.pnpm/@prisma+client@5.22.0_prisma@5.22.0/node_modules/@prisma/client/runtime/library.js:121:6623)
    at $n.request (/mnt/c/Users/Duvan/Documents/seguimiento-aulas-system/node_modules/.pnpm/@prisma+client@5.22.0_prisma@5.22.0/node_modules/@prisma/client/runtime/library.js:121:6307)
    at async l (/mnt/c/Users/Duvan/Documents/seguimiento-aulas-system/node_modules/.pnpm/@prisma+client@5.22.0_prisma@5.22.0/node_modules/@prisma/client/runtime/library.js:130:9633)
    at async main (/mnt/c/Users/Duvan/Documents/seguimiento-aulas-system/apps/api/scripts/import-banner-review.ts:91:22) {
  clientVersion: '5.22.0',
  errorCode: undefined
}

Node.js v22.20.0


[END] 2026-03-17T21:18:02.530Z
[STATUS] FAILED
[EXIT_CODE] 0
