[START] 2026-03-17T19:25:07.794Z
[CWD] /mnt/c/Users/Duvan/Documents/ORGANIZAR TODO/banner buscador de docente en nrc - BORRAR
[EXECUTABLE] /mnt/c/Windows/System32/WindowsPowerShell/v1.0/powershell.exe
[CMD] Set-Location 'C:\Users\Duvan\Documents\ORGANIZAR TODO\banner buscador de docente en nrc - BORRAR'; & 'C:\Program Files\nodejs\node.exe' 'C:\Users\Duvan\Documents\ORGANIZAR TODO\banner buscador de docente en nrc - BORRAR\scripts\auth-windows.cjs'

node:internal/modules/cjs/loader:1386
  throw err;
  ^

Error: Cannot find module 'dotenv'
Require stack:
- C:\Users\Duvan\Documents\ORGANIZAR TODO\banner buscador de docente en nrc - BORRAR\scripts\auth-windows.cjs
    at Function._resolveFilename (node:internal/modules/cjs/loader:1383:15)
    at defaultResolveImpl (node:internal/modules/cjs/loader:1025:19)
    at resolveForCJSWithHooks (node:internal/modules/cjs/loader:1030:22)
    at Function._load (node:internal/modules/cjs/loader:1192:37)
    at TracingChannel.traceSync (node:diagnostics_channel:322:14)
    at wrapModuleLoad (node:internal/modules/cjs/loader:237:24)
    at Module.require (node:internal/modules/cjs/loader:1463:12)
    at require (node:internal/modules/helpers:147:16)
    at Object.<anonymous> (C:\Users\Duvan\Documents\ORGANIZAR TODO\banner buscador de docente en nrc - BORRAR\scripts\auth-windows.cjs:3:1)
    at Module._compile (node:internal/modules/cjs/loader:1706:14) {
  code: 'MODULE_NOT_FOUND',
  requireStack: [
    'C:\\Users\\Duvan\\Documents\\ORGANIZAR TODO\\banner buscador de docente en nrc - BORRAR\\scripts\\auth-windows.cjs'
  ]
}

Node.js v22.20.0

[END] 2026-03-17T19:25:10.403Z
[STATUS] FAILED
[EXIT_CODE] 1
