[START] 2026-03-17T15:46:12.778Z
[CWD] /mnt/c/Users/Duvan/Documents/ORGANIZAR TODO/banner buscador de docente en nrc - BORRAR
[EXECUTABLE] node
[CMD] node --import tsx "src/cli.ts" "batch" "--input" "/mnt/c/Users/Duvan/Documents/storage/outputs/banner-batches/2026-03-17T15-46-12-736Z_all/nrc_banner_batch.csv" "--query-name" "banner-rpaca" "--workers" "3"

[2026-03-17T15:46:30.933Z] INFO Iniciando lote Banner {
  queryId: 'cmmusbw1a0000t2exr9mrsbi3',
  totalRequested: 1773,
  pending: 1773,
  workers: 3
}
[2026-03-17T15:49:03.085Z] WARN No se detecto el indicador esperado despues del login
[2026-03-17T15:49:03.087Z] INFO Login completado
[2026-03-17T15:49:06.661Z] WARN No se detecto el indicador esperado despues del login
[2026-03-17T15:49:06.662Z] INFO Login completado
[2026-03-17T15:49:09.150Z] WARN Fallback a fetch del navegador por respuesta SSO/HTML { status: 200 }
[2026-03-17T15:49:10.714Z] WARN No se detecto el indicador esperado despues del login
[2026-03-17T15:49:10.714Z] INFO Login completado
[2026-03-17T15:49:12.447Z] WARN Fallback a fetch del navegador por respuesta SSO/HTML { status: 200 }
[2026-03-17T15:49:16.445Z] WARN Fallback a fetch del navegador por respuesta SSO/HTML { status: 200 }
Error: page.evaluate: TypeError: Failed to fetch
    at eval (eval at evaluate (:290:30), <anonymous>:1:53)
    at UtilityScript.evaluate (<anonymous>:292:16)
    at UtilityScript.<anonymous> (<anonymous>:1:44) | page.evaluate: TypeError: Failed to fetch
    at eval (eval at evaluate (:290:30), <anonymous>:1:53)
    at UtilityScript.evaluate (<anonymous>:292:16)
    at UtilityScript.<anonymous> (<anonymous>:1:44) | page.evaluate: TypeError: Failed to fetch
    at eval (eval at evaluate (:290:30), <anonymous>:1:53)
    at UtilityScript.evaluate (<anonymous>:292:16)
    at UtilityScript.<anonymous> (<anonymous>:1:44)
    at BatchService.process (/mnt/c/Users/Duvan/Documents/ORGANIZAR TODO/banner buscador de docente en nrc - BORRAR/src/services/batchService.ts:177:15)
    at async <anonymous> (/mnt/c/Users/Duvan/Documents/ORGANIZAR TODO/banner buscador de docente en nrc - BORRAR/src/cli.ts:212:25)
    at async runWithContext (/mnt/c/Users/Duvan/Documents/ORGANIZAR TODO/banner buscador de docente en nrc - BORRAR/src/cli.ts:109:12)
    at async Command.<anonymous> (/mnt/c/Users/Duvan/Documents/ORGANIZAR TODO/banner buscador de docente en nrc - BORRAR/src/cli.ts:210:7)
    at async Command.parseAsync (/mnt/c/Users/Duvan/Documents/ORGANIZAR TODO/banner buscador de docente en nrc - BORRAR/node_modules/.pnpm/commander@13.1.0/node_modules/commander/lib/command.js:1104:5)
    at async main (/mnt/c/Users/Duvan/Documents/ORGANIZAR TODO/banner buscador de docente en nrc - BORRAR/src/cli.ts:253:3)

[END] 2026-03-17T15:49:16.978Z
[STATUS] FAILED
[EXIT_CODE] 1
