[START] 2026-03-17T17:06:57.300Z
[CWD] /mnt/c/Users/Duvan/Documents/ORGANIZAR TODO/banner buscador de docente en nrc - BORRAR
[EXECUTABLE] /mnt/c/Windows/System32/WindowsPowerShell/v1.0/powershell.exe
[CMD] Set-Location 'C:\Users\Duvan\Documents\ORGANIZAR TODO\banner buscador de docente en nrc - BORRAR'; & 'C:\Program Files\nodejs\node.exe' '--import' 'tsx' 'src/cli.ts' 'auth'

node:internal/modules/package_json_reader:266
  throw new ERR_MODULE_NOT_FOUND(packageName, fileURLToPath(base), null);
        ^

Error [ERR_MODULE_NOT_FOUND]: Cannot find package 'tsx' imported from C:\Users\Duvan\Documents\ORGANIZAR TODO\banner buscador de docente en nrc - BORRAR\
    at Object.getPackageJSONURL (node:internal/modules/package_json_reader:266:9)
    at packageResolve (node:internal/modules/esm/resolve:767:81)
    at moduleResolve (node:internal/modules/esm/resolve:853:18)
    at defaultResolve (node:internal/modules/esm/resolve:983:11)
    at #cachedDefaultResolve (node:internal/modules/esm/loader:731:20)
    at ModuleLoader.resolve (node:internal/modules/esm/loader:708:38)
    at ModuleLoader.getModuleJobForImport (node:internal/modules/esm/loader:310:38)
    at onImport.tracePromise.__proto__ (node:internal/modules/esm/loader:664:36)
    at TracingChannel.tracePromise (node:diagnostics_channel:344:14)
    at ModuleLoader.import (node:internal/modules/esm/loader:663:21) {
  code: 'ERR_MODULE_NOT_FOUND'
}

Node.js v22.20.0

[END] 2026-03-17T17:06:59.581Z
[STATUS] FAILED
[EXIT_CODE] 1
