[START] 2026-03-17T13:31:55.017Z
[CWD] /mnt/c/Users/Duvan/Documents/ORGANIZAR TODO/banner buscador de docente en nrc - BORRAR
[EXECUTABLE] /mnt/c/Windows/System32/WindowsPowerShell/v1.0/powershell.exe
[CMD] Set-Location 'C:\Users\Duvan\Documents\ORGANIZAR TODO\banner buscador de docente en nrc - BORRAR'; & '.\node_modules\.bin\tsx.CMD' 'src/cli.ts' 'auth'

node:internal/modules/cjs/loader:1386
  throw err;
  ^

Error: Cannot find module 'C:\Users\Duvan\Documents\ORGANIZAR TODO\banner buscador de docente en nrc - BORRAR\node_modules\tsx\dist\cli.mjs'
    at Function._resolveFilename (node:internal/modules/cjs/loader:1383:15)
    at defaultResolveImpl (node:internal/modules/cjs/loader:1025:19)
    at resolveForCJSWithHooks (node:internal/modules/cjs/loader:1030:22)
    at Function._load (node:internal/modules/cjs/loader:1192:37)
    at TracingChannel.traceSync (node:diagnostics_channel:322:14)
    at wrapModuleLoad (node:internal/modules/cjs/loader:237:24)
    at Function.executeUserEntryPoint [as runMain] (node:internal/modules/run_main:171:5)
    at node:internal/main/run_main_module:36:49 {
  code: 'MODULE_NOT_FOUND',
  requireStack: []
}

Node.js v22.20.0

[END] 2026-03-17T13:32:03.888Z
[STATUS] FAILED
[EXIT_CODE] 1
