[START] 2026-03-13T15:40:21.519Z
[CWD] /mnt/c/Users/Duvan/Documents/banner buscador de docente en nrc
[EXECUTABLE] /mnt/c/Windows/System32/WindowsPowerShell/v1.0/powershell.exe
[CMD] Set-Location 'C:\Users\Duvan\Documents\banner buscador de docente en nrc'; & '.\node_modules\.bin\tsx.CMD' 'src/cli.ts' 'retry-errors' '--query-id' 'cmmp25coq0000t2qc80gj9sgw' '--workers' '3'

[2026-03-13T15:40:22.711Z] INFO Reintentando NRC con error { queryId: 'cmmp25coq0000t2qc80gj9sgw', total: 0 }
{
  "queryId": "cmmp25coq0000t2qc80gj9sgw",
  "queryName": "banner-rpaca-autoexport",
  "processed": 1,
  "total": 1,
  "counts": {
    "ENCONTRADO": 1,
    "SIN_DOCENTE": 0,
    "NO_ENCONTRADO": 0,
    "ERROR": 0
  }
}

[AUTO_EXPORT] cmmp25coq0000t2qc80gj9sgw
[2026-03-13T15:40:25.035Z] INFO Exportacion completada { queryId: 'cmmp25coq0000t2qc80gj9sgw', formats: [ 'csv', 'json' ] }
{
  "csvPath": "storage\\exports\\banner-rpaca-autoexport-2026-03-13T15-40-25.030Z.csv",
  "jsonPath": "storage\\exports\\banner-rpaca-autoexport-2026-03-13T15-40-25.030Z.json"
}

[END] 2026-03-13T15:40:23.720Z
[STATUS] COMPLETED
[EXIT_CODE] 0
