
> @seguimiento/web@0.1.0 build /mnt/c/Users/Duvan/Documents/seguimiento-aulas-system/apps/web
> next build

  ▲ Next.js 14.2.35
  - Environments: .env

   Creating an optimized production build ...
 ✓ Compiled successfully
   Linting and checking validity of types ...
   Collecting page data ...
   Generating static pages (0/4) ...
   Generating static pages (1/4) 
   Generating static pages (2/4) 
   Generating static pages (3/4) 
 ✓ Generating static pages (4/4)
   Finalizing page optimization ...
   Collecting build traces ...

Route (app)                              Size     First Load JS
┌ ƒ /                                    138 B          87.4 kB
└ ○ /_not-found                          872 B          88.1 kB
+ First Load JS shared by all            87.2 kB
  ├ chunks/5b8f0dd8-0b7e1dd47e2a464c.js  53.6 kB
  ├ chunks/749-39e755d29f953c93.js       31.7 kB
  └ other shared chunks (total)          1.86 kB


○  (Static)   prerendered as static content
ƒ  (Dynamic)  server-rendered on demand

